May-10-16 10:17:51 AM: Application started...
May-10-16 10:17:51 AM: Rabies Model v.1.0.0.0 - Start Time May-10-2016 10:17:51
May-10-16 10:17:51 AM: Copyright © Ontario Ministry of Natural Resources, Queen's University, Université de Montréal, 2002-2016
May-10-16 10:17:51 AM: Error - Failed to load settings file. Data at the root level is invalid. Line 1, position 1..
May-10-16 10:17:51 AM: Stack Trace -    at System.Xml.XmlTextReaderImpl.Throw(Exception e)
   at System.Xml.XmlTextReaderImpl.Throw(String res, String arg)
   at System.Xml.XmlTextReaderImpl.ParseRootLevelWhitespace()
   at System.Xml.XmlTextReaderImpl.ParseDocumentContent()
   at System.Xml.XmlTextReaderImpl.Read()
   at System.Xml.XmlTextReader.Read()
   at System.Xml.XmlReader.MoveToContent()
   at System.Data.DataSet.ReadXml(XmlReader reader, XmlReadMode mode, Boolean denyResolving)
   at System.Data.DataSet.ReadXml(String fileName, XmlReadMode mode)
   at RabiesRuntime.cBatchRunner.ReadSettingsFromXML(String FName) in S:\LASSA\Clients\UdeM\ORM_development\ArcticFoxRabies\ORMcode\ARM 20160502 v05\RabiesRuntime\cBatchRunner.cs:line 881
May-10-16 10:17:54 AM: Rabies Model Run Completed Normally
May-10-16 10:25:55 AM: Application started...
May-10-16 10:25:55 AM: Rabies Model v.1.0.0.0 - Start Time May-10-2016 10:25:55
May-10-16 10:25:55 AM: Copyright © Ontario Ministry of Natural Resources, Queen's University, Université de Montréal, 2002-2016
May-10-16 10:25:55 AM: Error - Failed to load settings file. Data at the root level is invalid. Line 1, position 1..
May-10-16 10:25:55 AM: Stack Trace -    at System.Xml.XmlTextReaderImpl.Throw(Exception e)
   at System.Xml.XmlTextReaderImpl.Throw(String res, String arg)
   at System.Xml.XmlTextReaderImpl.ParseRootLevelWhitespace()
   at System.Xml.XmlTextReaderImpl.ParseDocumentContent()
   at System.Xml.XmlTextReaderImpl.Read()
   at System.Xml.XmlTextReader.Read()
   at System.Xml.XmlReader.MoveToContent()
   at System.Data.DataSet.ReadXml(XmlReader reader, XmlReadMode mode, Boolean denyResolving)
   at System.Data.DataSet.ReadXml(String fileName, XmlReadMode mode)
   at RabiesRuntime.cBatchRunner.ReadSettingsFromXML(String FName) in S:\LASSA\Clients\UdeM\ORM_development\ArcticFoxRabies\ORMcode\ARM 20160502 v05\RabiesRuntime\cBatchRunner.cs:line 883
May-10-16 10:28:09 AM: Application started...
May-10-16 10:28:09 AM: Rabies Model v.1.0.0.0 - Start Time May-10-2016 10:28:09
May-10-16 10:28:09 AM: Copyright © Ontario Ministry of Natural Resources, Queen's University, Université de Montréal, 2002-2016
May-10-16 10:28:09 AM: Error - Failed to load settings file. Data at the root level is invalid. Line 1, position 1..
May-10-16 10:28:09 AM: Stack Trace -    at System.Xml.XmlTextReaderImpl.Throw(Exception e)
   at System.Xml.XmlTextReaderImpl.Throw(String res, String arg)
   at System.Xml.XmlTextReaderImpl.ParseRootLevelWhitespace()
   at System.Xml.XmlTextReaderImpl.ParseDocumentContent()
   at System.Xml.XmlTextReaderImpl.Read()
   at System.Xml.XmlTextReader.Read()
   at System.Xml.XmlReader.MoveToContent()
   at System.Data.DataSet.ReadXml(XmlReader reader, XmlReadMode mode, Boolean denyResolving)
   at System.Data.DataSet.ReadXml(String fileName, XmlReadMode mode)
   at RabiesRuntime.cBatchRunner.ReadSettingsFromXML(String FName) in S:\LASSA\Clients\UdeM\ORM_development\ArcticFoxRabies\ORMcode\ARM 20160502 v05\RabiesRuntime\cBatchRunner.cs:line 887
May-10-16 10:29:15 AM: Application started...
May-10-16 10:29:15 AM: Rabies Model v.1.0.0.0 - Start Time May-10-2016 10:29:15
May-10-16 10:29:15 AM: Copyright © Ontario Ministry of Natural Resources, Queen's University, Université de Montréal, 2002-2016
May-10-16 10:29:15 AM: Error - Failed to load settings file. Data at the root level is invalid. Line 1, position 1..
May-10-16 10:29:15 AM: Stack Trace -    at System.Xml.XmlTextReaderImpl.Throw(Exception e)
   at System.Xml.XmlTextReaderImpl.Throw(String res, String arg)
   at System.Xml.XmlTextReaderImpl.ParseRootLevelWhitespace()
   at System.Xml.XmlTextReaderImpl.ParseDocumentContent()
   at System.Xml.XmlTextReaderImpl.Read()
   at System.Xml.XmlTextReader.Read()
   at System.Xml.XmlReader.MoveToContent()
   at System.Data.DataSet.ReadXml(XmlReader reader, XmlReadMode mode, Boolean denyResolving)
   at System.Data.DataSet.ReadXml(String fileName, XmlReadMode mode)
   at RabiesRuntime.cBatchRunner.ReadSettingsFromXML(String FName) in S:\LASSA\Clients\UdeM\ORM_development\ArcticFoxRabies\ORMcode\ARM 20160502 v05\RabiesRuntime\cBatchRunner.cs:line 888
May-10-16 10:31:14 AM: Application started...
May-10-16 10:31:14 AM: Rabies Model v.1.0.0.0 - Start Time May-10-2016 10:31:14
May-10-16 10:31:14 AM: Copyright © Ontario Ministry of Natural Resources, Queen's University, Université de Montréal, 2002-2016
May-10-16 10:35:29 AM: Application started...
May-10-16 10:35:29 AM: Rabies Model v.1.0.0.0 - Start Time May-10-2016 10:35:29
May-10-16 10:35:29 AM: Copyright © Ontario Ministry of Natural Resources, Queen's University, Université de Montréal, 2002-2016
May-10-16 10:35:33 AM: Rabies Model Run Completed Normally
May-10-16 10:45:01 AM: Application started...
May-10-16 10:45:01 AM: Rabies Model v.1.0.0.0 - Start Time May-10-2016 10:45:01
May-10-16 10:45:01 AM: Copyright © Ontario Ministry of Natural Resources, Queen's University, Université de Montréal, 2002-2016
May-10-16 10:45:04 AM: Rabies Model Run Completed Normally
May-10-16 10:46:19 AM: Application started...
May-10-16 10:46:19 AM: Rabies Model v.1.0.0.0 - Start Time May-10-2016 10:46:19
May-10-16 10:46:19 AM: Copyright © Ontario Ministry of Natural Resources, Queen's University, Université de Montréal, 2002-2016
May-10-16 10:48:53 AM: Application started...
May-10-16 10:48:53 AM: Rabies Model v.1.0.0.0 - Start Time May-10-2016 10:48:53
May-10-16 10:48:53 AM: Copyright © Ontario Ministry of Natural Resources, Queen's University, Université de Montréal, 2002-2016
May-10-16 10:48:56 AM: Rabies Model Run Completed Normally
May-10-16 10:50:27 AM: Application started...
May-10-16 10:50:27 AM: Rabies Model v.1.0.0.0 - Start Time May-10-2016 10:50:27
May-10-16 10:50:27 AM: Copyright © Ontario Ministry of Natural Resources, Queen's University, Université de Montréal, 2002-2016
May-10-16 10:52:00 AM: Application started...
May-10-16 10:52:00 AM: Rabies Model v.1.0.0.0 - Start Time May-10-2016 10:52:00
May-10-16 10:52:00 AM: Copyright © Ontario Ministry of Natural Resources, Queen's University, Université de Montréal, 2002-2016
May-10-16 10:52:04 AM: Rabies Model Run Completed Normally
May-10-16 12:07:53 PM: Application started...
May-10-16 12:07:53 PM: Rabies Model v.1.0.0.0 - Start Time May-10-2016 12:07:53
May-10-16 12:07:53 PM: Copyright © Ontario Ministry of Natural Resources, Queen's University, Université de Montréal, 2002-2016
May-10-16 12:11:06 PM: Application started...
May-10-16 12:11:06 PM: Rabies Model v.1.0.0.0 - Start Time May-10-2016 12:11:06
May-10-16 12:11:06 PM: Copyright © Ontario Ministry of Natural Resources, Queen's University, Université de Montréal, 2002-2016
May-10-16 12:14:34 PM: Application started...
May-10-16 12:14:34 PM: Rabies Model v.1.0.0.0 - Start Time May-10-2016 12:14:34
May-10-16 12:14:34 PM: Copyright © Ontario Ministry of Natural Resources, Queen's University, Université de Montréal, 2002-2016
May-10-16 12:14:37 PM: Rabies Model Run Completed Normally
May-10-16 12:15:37 PM: Application started...
May-10-16 12:15:37 PM: Rabies Model v.1.0.0.0 - Start Time May-10-2016 12:15:37
May-10-16 12:15:37 PM: Copyright © Ontario Ministry of Natural Resources, Queen's University, Université de Montréal, 2002-2016
May-10-16 12:15:40 PM: Rabies Model Run Completed Normally
May-10-16 12:17:10 PM: Application started...
May-10-16 12:17:10 PM: Rabies Model v.1.0.0.0 - Start Time May-10-2016 12:17:10
May-10-16 12:17:10 PM: Copyright © Ontario Ministry of Natural Resources, Queen's University, Université de Montréal, 2002-2016
May-10-16 12:17:13 PM: Rabies Model Run Completed Normally
May-10-16 12:19:49 PM: Application started...
May-10-16 12:19:49 PM: Rabies Model v.1.0.0.0 - Start Time May-10-2016 12:19:49
May-10-16 12:19:49 PM: Copyright © Ontario Ministry of Natural Resources, Queen's University, Université de Montréal, 2002-2016
May-10-16 12:19:52 PM: Rabies Model Run Completed Normally
May-10-16 12:28:40 PM: Application started...
May-10-16 12:28:40 PM: Rabies Model v.1.0.0.0 - Start Time May-10-2016 12:28:40
May-10-16 12:28:40 PM: Copyright © Ontario Ministry of Natural Resources, Queen's University, Université de Montréal, 2002-2016
May-10-16 12:28:43 PM: Rabies Model Run Completed Normally
May-10-16 12:29:22 PM: Application started...
May-10-16 12:29:22 PM: Rabies Model v.1.0.0.0 - Start Time May-10-2016 12:29:22
May-10-16 12:29:22 PM: Copyright © Ontario Ministry of Natural Resources, Queen's University, Université de Montréal, 2002-2016
May-10-16 12:29:25 PM: Rabies Model Run Completed Normally
May-10-16 12:30:51 PM: Application started...
May-10-16 12:30:51 PM: Rabies Model v.1.0.0.0 - Start Time May-10-2016 12:30:51
May-10-16 12:30:51 PM: Copyright © Ontario Ministry of Natural Resources, Queen's University, Université de Montréal, 2002-2016
May-10-16 12:30:54 PM: Rabies Model Run Completed Normally
May-10-16 12:35:12 PM: Application started...
May-10-16 12:35:12 PM: Rabies Model v.1.0.0.0 - Start Time May-10-2016 12:35:12
May-10-16 12:35:12 PM: Copyright © Ontario Ministry of Natural Resources, Queen's University, Université de Montréal, 2002-2016
May-10-16 12:35:15 PM: Rabies Model Run Completed Normally
May-10-16 12:44:19 PM: Application started...
May-10-16 12:44:19 PM: Rabies Model v.1.0.0.0 - Start Time May-10-2016 12:44:19
May-10-16 12:44:19 PM: Copyright © Ontario Ministry of Natural Resources, Queen's University, Université de Montréal, 2002-2016
May-10-16 12:44:22 PM: Rabies Model Run Completed Normally
May-10-16 12:46:05 PM: Application started...
May-10-16 12:46:05 PM: Rabies Model v.1.0.0.0 - Start Time May-10-2016 12:46:05
May-10-16 12:46:05 PM: Copyright © Ontario Ministry of Natural Resources, Queen's University, Université de Montréal, 2002-2016
May-10-16 12:46:08 PM: Rabies Model Run Completed Normally
May-10-16 12:47:57 PM: Application started...
May-10-16 12:47:57 PM: Rabies Model v.1.0.0.0 - Start Time May-10-2016 12:47:57
May-10-16 12:47:57 PM: Copyright © Ontario Ministry of Natural Resources, Queen's University, Université de Montréal, 2002-2016
May-10-16 12:48:02 PM: Rabies Model Run Completed Normally
May-10-16 1:16:59 PM: Application started...
May-10-16 1:16:59 PM: Rabies Model v.1.0.0.0 - Start Time May-10-2016 13:16:59
May-10-16 1:16:59 PM: Copyright © Ontario Ministry of Natural Resources, Queen's University, Université de Montréal, 2002-2016
May-10-16 1:17:02 PM: Rabies Model Run Completed Normally
May-11-16 9:09:00 AM: Application started...
May-11-16 9:09:00 AM: Rabies Model v.1.0.0.0 - Start Time May-11-2016 09:09:00
May-11-16 9:09:00 AM: Copyright © Ontario Ministry of Natural Resources, Queen's University, Université de Montréal, 2002-2016
May-11-16 9:09:03 AM: Rabies Model Run Completed Normally
May-11-16 9:15:40 AM: Application started...
May-11-16 9:15:40 AM: Rabies Model v.1.0.0.0 - Start Time May-11-2016 09:15:40
May-11-16 9:15:40 AM: Copyright © Ontario Ministry of Natural Resources, Queen's University, Université de Montréal, 2002-2016
May-11-16 9:16:00 AM: Rabies Model Run Completed Normally
May-11-16 9:17:25 AM: Application started...
May-11-16 9:17:25 AM: Rabies Model v.1.0.0.0 - Start Time May-11-2016 09:17:25
May-11-16 9:17:25 AM: Copyright © Ontario Ministry of Natural Resources, Queen's University, Université de Montréal, 2002-2016
May-11-16 9:17:31 AM: Rabies Model Run Completed Normally
May-11-16 9:36:59 AM: Application started...
May-11-16 9:36:59 AM: Rabies Model v.1.0.0.0 - Start Time May-11-2016 09:36:59
May-11-16 9:36:59 AM: Copyright © Ontario Ministry of Natural Resources, Queen's University, Université de Montréal, 2002-2016
May-11-16 9:37:04 AM: Rabies Model Run Completed Normally
May-11-16 9:59:36 AM: Application started...
May-11-16 9:59:36 AM: Rabies Model v.1.0.0.0 - Start Time May-11-2016 09:59:36
May-11-16 9:59:36 AM: Copyright © Ontario Ministry of Natural Resources, Queen's University, Université de Montréal, 2002-2016
May-11-16 9:59:42 AM: Rabies Model Run Completed Normally
May-11-16 10:38:35 AM: Application started...
May-11-16 10:38:35 AM: Rabies Model v.1.0.0.0 - Start Time May-11-2016 10:38:35
May-11-16 10:38:35 AM: Copyright © Ontario Ministry of Natural Resources, Queen's University, Université de Montréal, 2002-2016
May-11-16 10:38:40 AM: Rabies Model Run Completed Normally
May-11-16 10:50:56 AM: Application started...
May-11-16 10:50:56 AM: Rabies Model v.1.0.0.0 - Start Time May-11-2016 10:50:56
May-11-16 10:50:56 AM: Copyright © Ontario Ministry of Natural Resources, Queen's University, Université de Montréal, 2002-2016
May-11-16 10:51:01 AM: Rabies Model Run Completed Normally
May-11-16 11:08:00 AM: Application started...
May-11-16 11:08:00 AM: Rabies Model v.1.0.0.0 - Start Time May-11-2016 11:08:00
May-11-16 11:08:00 AM: Copyright © Ontario Ministry of Natural Resources, Queen's University, Université de Montréal, 2002-2016
May-11-16 11:08:06 AM: Rabies Model Run Completed Normally
May-11-16 11:14:37 AM: Application started...
May-11-16 11:14:37 AM: Rabies Model v.1.0.0.0 - Start Time May-11-2016 11:14:37
May-11-16 11:14:37 AM: Copyright © Ontario Ministry of Natural Resources, Queen's University, Université de Montréal, 2002-2016
May-11-16 11:14:42 AM: Rabies Model Run Completed Normally
May-11-16 11:15:14 AM: Application started...
May-11-16 11:15:14 AM: Rabies Model v.1.0.0.0 - Start Time May-11-2016 11:15:14
May-11-16 11:15:14 AM: Copyright © Ontario Ministry of Natural Resources, Queen's University, Université de Montréal, 2002-2016
May-11-16 11:15:19 AM: Rabies Model Run Completed Normally
May-11-16 11:18:03 AM: Application started...
May-11-16 11:18:03 AM: Rabies Model v.1.0.0.0 - Start Time May-11-2016 11:18:03
May-11-16 11:18:03 AM: Copyright © Ontario Ministry of Natural Resources, Queen's University, Université de Montréal, 2002-2016
May-11-16 11:18:04 AM: big test - Trial 0001-> started...
May-11-16 11:18:08 AM: Rabies Model Run Completed Normally
May-11-16 11:27:00 AM: Application started...
May-11-16 11:27:00 AM: Rabies Model v.1.0.0.0 - Start Time May-11-2016 11:27:00
May-11-16 11:27:00 AM: Copyright © Ontario Ministry of Natural Resources, Queen's University, Université de Montréal, 2002-2016
May-11-16 11:27:01 AM: big test - Trial 0001-> started...
May-11-16 11:27:05 AM: Rabies Model Run Completed Normally
May-11-16 11:28:14 AM: Application started...
May-11-16 11:28:14 AM: Rabies Model v.1.0.0.0 - Start Time May-11-2016 11:28:14
May-11-16 11:28:14 AM: Copyright © Ontario Ministry of Natural Resources, Queen's University, Université de Montréal, 2002-2016
May-11-16 11:28:15 AM: big test - Trial 0001-> started...
May-11-16 11:28:19 AM: Rabies Model Run Completed Normally
May-11-16 2:13:55 PM: Application started...
May-11-16 2:13:55 PM: Rabies Model v.1.0.0.0 - Start Time May-11-2016 14:13:55
May-11-16 2:13:55 PM: Copyright © Ontario Ministry of Natural Resources, Queen's University, Université de Montréal, 2002-2016
May-11-16 2:13:56 PM: big test - Trial 0001-> started...
May-11-16 2:14:01 PM: Rabies Model Run Completed Normally
May-11-16 2:20:04 PM: Application started...
May-11-16 2:20:04 PM: Rabies Model v.1.0.0.0 - Start Time May-11-2016 14:20:04
May-11-16 2:20:04 PM: Copyright © Ontario Ministry of Natural Resources, Queen's University, Université de Montréal, 2002-2016
May-11-16 2:20:04 PM: big test - Trial 0001-> started...
May-11-16 2:20:09 PM: Rabies Model Run Completed Normally
May-11-16 3:13:00 PM: Application started...
May-11-16 3:13:00 PM: Rabies Model v.1.0.0.0 - Start Time May-11-2016 15:13:00
May-11-16 3:13:00 PM: Copyright © Ontario Ministry of Natural Resources, Queen's University, Université de Montréal, 2002-2016
May-11-16 3:13:01 PM: big test - Trial 0001-> started...
May-11-16 3:13:05 PM: Rabies Model Run Completed Normally
May-11-16 3:24:16 PM: Application started...
May-11-16 3:24:16 PM: Rabies Model v.1.0.0.0 - Start Time May-11-2016 15:24:16
May-11-16 3:24:16 PM: Copyright © Ontario Ministry of Natural Resources, Queen's University, Université de Montréal, 2002-2016
May-11-16 3:24:17 PM: big test - Trial 0001-> started...
May-11-16 3:24:21 PM: Rabies Model Run Completed Normally
May-11-16 3:27:51 PM: Application started...
May-11-16 3:27:51 PM: Rabies Model v.1.0.0.0 - Start Time May-11-2016 15:27:51
May-11-16 3:27:51 PM: Copyright © Ontario Ministry of Natural Resources, Queen's University, Université de Montréal, 2002-2016
May-11-16 3:27:51 PM: big test - Trial 0001-> started...
May-11-16 3:27:58 PM: Rabies Model Run Completed Normally
May-11-16 3:28:35 PM: Application started...
May-11-16 3:28:35 PM: Rabies Model v.1.0.0.0 - Start Time May-11-2016 15:28:35
May-11-16 3:28:35 PM: Copyright © Ontario Ministry of Natural Resources, Queen's University, Université de Montréal, 2002-2016
May-11-16 3:28:35 PM: big test - Trial 0001-> started...
May-11-16 3:28:40 PM: Rabies Model Run Completed Normally
May-12-16 9:24:38 AM: Application started...
May-12-16 9:24:38 AM: Rabies Model v.1.0.0.0 - Start Time May-12-2016 09:24:38
May-12-16 9:24:38 AM: Copyright © Ontario Ministry of Natural Resources, Queen's University, Université de Montréal, 2002-2016
May-12-16 9:24:39 AM: big test - Trial 0001-> started...
May-12-16 9:24:43 AM: Rabies Model Run Completed Normally
May-12-16 9:25:03 AM: Application started...
May-12-16 9:25:03 AM: Rabies Model v.1.0.0.0 - Start Time May-12-2016 09:25:03
May-12-16 9:25:03 AM: Copyright © Ontario Ministry of Natural Resources, Queen's University, Université de Montréal, 2002-2016
May-12-16 9:25:04 AM: big test - Trial 0001-> started...
May-12-16 9:25:08 AM: Rabies Model Run Completed Normally
May-12-16 9:29:00 AM: Application started...
May-12-16 9:29:00 AM: Rabies Model v.1.0.0.0 - Start Time May-12-2016 09:29:00
May-12-16 9:29:00 AM: Copyright © Ontario Ministry of Natural Resources, Queen's University, Université de Montréal, 2002-2016
May-12-16 9:29:01 AM: big test - Trial 0001-> started...
May-12-16 9:29:06 AM: Rabies Model Run Completed Normally
May-12-16 10:02:00 AM: Application started...
May-12-16 10:02:00 AM: Rabies Model v.1.0.0.0 - Start Time May-12-2016 10:02:00
May-12-16 10:02:00 AM: Copyright © Ontario Ministry of Natural Resources, Queen's University, Université de Montréal, 2002-2016
May-12-16 10:02:01 AM: big test - Trial 0001-> started...
May-12-16 10:02:05 AM: Rabies Model Run Completed Normally
May-12-16 10:04:21 AM: Application started...
May-12-16 10:04:21 AM: Rabies Model v.1.0.0.0 - Start Time May-12-2016 10:04:21
May-12-16 10:04:21 AM: Copyright © Ontario Ministry of Natural Resources, Queen's University, Université de Montréal, 2002-2016
May-12-16 10:04:21 AM: big test - Trial 0001-> started...
May-12-16 10:04:27 AM: Rabies Model Run Completed Normally
May-12-16 10:05:40 AM: Application started...
May-12-16 10:05:40 AM: Rabies Model v.1.0.0.0 - Start Time May-12-2016 10:05:40
May-12-16 10:05:40 AM: Copyright © Ontario Ministry of Natural Resources, Queen's University, Université de Montréal, 2002-2016
May-12-16 10:05:40 AM: big test - Trial 0001-> started...
May-12-16 10:05:45 AM: Rabies Model Run Completed Normally
May-12-16 10:10:20 AM: Application started...
May-12-16 10:10:20 AM: Rabies Model v.1.0.0.0 - Start Time May-12-2016 10:10:20
May-12-16 10:10:20 AM: Copyright © Ontario Ministry of Natural Resources, Queen's University, Université de Montréal, 2002-2016
May-12-16 10:10:21 AM: big test - Trial 0001-> started...
May-12-16 10:10:25 AM: Rabies Model Run Completed Normally
May-12-16 10:11:06 AM: Application started...
May-12-16 10:11:06 AM: Rabies Model v.1.0.0.0 - Start Time May-12-2016 10:11:06
May-12-16 10:11:06 AM: Copyright © Ontario Ministry of Natural Resources, Queen's University, Université de Montréal, 2002-2016
May-12-16 10:11:07 AM: big test - Trial 0001-> started...
May-12-16 10:11:11 AM: Rabies Model Run Completed Normally
May-12-16 10:12:25 AM: Application started...
May-12-16 10:12:25 AM: Rabies Model v.1.0.0.0 - Start Time May-12-2016 10:12:25
May-12-16 10:12:25 AM: Copyright © Ontario Ministry of Natural Resources, Queen's University, Université de Montréal, 2002-2016
May-12-16 10:12:26 AM: big test - Trial 0001-> started...
May-12-16 10:12:31 AM: Rabies Model Run Completed Normally
May-12-16 10:19:22 AM: Application started...
May-12-16 10:19:22 AM: Rabies Model v.1.0.0.0 - Start Time May-12-2016 10:19:22
May-12-16 10:19:22 AM: Copyright © Ontario Ministry of Natural Resources, Queen's University, Université de Montréal, 2002-2016
May-12-16 10:19:23 AM: big test - Trial 0001-> started...
May-12-16 10:19:27 AM: Rabies Model Run Completed Normally
May-12-16 10:24:56 AM: Application started...
May-12-16 10:24:56 AM: Rabies Model v.1.0.0.0 - Start Time May-12-2016 10:24:56
May-12-16 10:24:56 AM: Copyright © Ontario Ministry of Natural Resources, Queen's University, Université de Montréal, 2002-2016
May-12-16 10:24:57 AM: big test - Trial 0001-> started...
May-12-16 10:25:01 AM: Rabies Model Run Completed Normally
May-12-16 10:30:50 AM: Application started...
May-12-16 10:30:50 AM: Rabies Model v.1.0.0.0 - Start Time May-12-2016 10:30:50
May-12-16 10:30:50 AM: Copyright © Ontario Ministry of Natural Resources, Queen's University, Université de Montréal, 2002-2016
May-12-16 10:30:51 AM: big test - Trial 0001-> started...
May-12-16 10:30:57 AM: Rabies Model Run Completed Normally
May-12-16 10:33:15 AM: Application started...
May-12-16 10:33:15 AM: Rabies Model v.1.0.0.0 - Start Time May-12-2016 10:33:15
May-12-16 10:33:15 AM: Copyright © Ontario Ministry of Natural Resources, Queen's University, Université de Montréal, 2002-2016
May-12-16 10:33:16 AM: big test - Trial 0001-> started...
May-12-16 10:33:21 AM: Rabies Model Run Completed Normally
May-12-16 10:34:45 AM: Application started...
May-12-16 10:34:45 AM: Rabies Model v.1.0.0.0 - Start Time May-12-2016 10:34:45
May-12-16 10:34:45 AM: Copyright © Ontario Ministry of Natural Resources, Queen's University, Université de Montréal, 2002-2016
May-12-16 10:34:46 AM: big test - Trial 0001-> started...
May-12-16 10:34:50 AM: Rabies Model Run Completed Normally
May-12-16 10:43:26 AM: Application started...
May-12-16 10:43:26 AM: Rabies Model v.1.0.0.0 - Start Time May-12-2016 10:43:26
May-12-16 10:43:26 AM: Copyright © Ontario Ministry of Natural Resources, Queen's University, Université de Montréal, 2002-2016
May-12-16 10:43:27 AM: big test - Trial 0001-> started...
May-12-16 10:43:31 AM: Rabies Model Run Completed Normally
May-12-16 10:44:09 AM: Application started...
May-12-16 10:44:09 AM: Rabies Model v.1.0.0.0 - Start Time May-12-2016 10:44:09
May-12-16 10:44:09 AM: Copyright © Ontario Ministry of Natural Resources, Queen's University, Université de Montréal, 2002-2016
May-12-16 10:44:10 AM: big test - Trial 0001-> started...
May-12-16 10:44:14 AM: Rabies Model Run Completed Normally
May-12-16 10:44:46 AM: Application started...
May-12-16 10:44:46 AM: Rabies Model v.1.0.0.0 - Start Time May-12-2016 10:44:46
May-12-16 10:44:46 AM: Copyright © Ontario Ministry of Natural Resources, Queen's University, Université de Montréal, 2002-2016
May-12-16 10:44:46 AM: big test - Trial 0001-> started...
May-12-16 10:44:51 AM: Rabies Model Run Completed Normally
May-12-16 10:47:26 AM: Application started...
May-12-16 10:47:26 AM: Rabies Model v.1.0.0.0 - Start Time May-12-2016 10:47:26
May-12-16 10:47:26 AM: Copyright © Ontario Ministry of Natural Resources, Queen's University, Université de Montréal, 2002-2016
May-12-16 10:47:27 AM: big test - Trial 0001-> started...
May-12-16 10:47:31 AM: Rabies Model Run Completed Normally
May-12-16 10:49:41 AM: Application started...
May-12-16 10:49:41 AM: Rabies Model v.1.0.0.0 - Start Time May-12-2016 10:49:41
May-12-16 10:49:41 AM: Copyright © Ontario Ministry of Natural Resources, Queen's University, Université de Montréal, 2002-2016
May-12-16 10:49:41 AM: big test - Trial 0001-> started...
May-12-16 10:49:46 AM: Rabies Model Run Completed Normally
May-12-16 10:56:11 AM: Application started...
May-12-16 10:56:11 AM: Rabies Model v.1.0.0.0 - Start Time May-12-2016 10:56:11
May-12-16 10:56:11 AM: Copyright © Ontario Ministry of Natural Resources, Queen's University, Université de Montréal, 2002-2016
May-12-16 10:56:12 AM: big test - Trial 0001-> started...
May-12-16 10:56:17 AM: Rabies Model Run Completed Normally
May-12-16 10:57:16 AM: Application started...
May-12-16 10:57:16 AM: Rabies Model v.1.0.0.0 - Start Time May-12-2016 10:57:16
May-12-16 10:57:16 AM: Copyright © Ontario Ministry of Natural Resources, Queen's University, Université de Montréal, 2002-2016
May-12-16 10:57:16 AM: big test - Trial 0001-> started...
May-12-16 10:57:21 AM: Rabies Model Run Completed Normally
May-12-16 10:58:36 AM: Application started...
May-12-16 10:58:36 AM: Rabies Model v.1.0.0.0 - Start Time May-12-2016 10:58:36
May-12-16 10:58:36 AM: Copyright © Ontario Ministry of Natural Resources, Queen's University, Université de Montréal, 2002-2016
May-12-16 10:58:36 AM: big test - Trial 0001-> started...
May-12-16 10:58:41 AM: Rabies Model Run Completed Normally
May-12-16 10:59:22 AM: Application started...
May-12-16 10:59:22 AM: Rabies Model v.1.0.0.0 - Start Time May-12-2016 10:59:22
May-12-16 10:59:22 AM: Copyright © Ontario Ministry of Natural Resources, Queen's University, Université de Montréal, 2002-2016
May-12-16 10:59:23 AM: big test - Trial 0001-> started...
May-12-16 10:59:27 AM: Rabies Model Run Completed Normally
May-12-16 11:00:18 AM: Application started...
May-12-16 11:00:18 AM: Rabies Model v.1.0.0.0 - Start Time May-12-2016 11:00:18
May-12-16 11:00:18 AM: Copyright © Ontario Ministry of Natural Resources, Queen's University, Université de Montréal, 2002-2016
May-12-16 11:00:19 AM: big test - Trial 0001-> started...
May-12-16 11:00:24 AM: Rabies Model Run Completed Normally
May-12-16 11:00:57 AM: Application started...
May-12-16 11:00:57 AM: Rabies Model v.1.0.0.0 - Start Time May-12-2016 11:00:57
May-12-16 11:00:57 AM: Copyright © Ontario Ministry of Natural Resources, Queen's University, Université de Montréal, 2002-2016
May-12-16 11:00:58 AM: big test - Trial 0001-> started...
May-12-16 11:01:02 AM: Rabies Model Run Completed Normally
May-12-16 11:04:24 AM: Application started...
May-12-16 11:04:24 AM: Rabies Model v.1.0.0.0 - Start Time May-12-2016 11:04:24
May-12-16 11:04:24 AM: Copyright © Ontario Ministry of Natural Resources, Queen's University, Université de Montréal, 2002-2016
May-12-16 11:04:25 AM: big test - Trial 0001-> started...
May-12-16 11:04:29 AM: Rabies Model Run Completed Normally
May-12-16 11:05:28 AM: Application started...
May-12-16 11:05:28 AM: Rabies Model v.1.0.0.0 - Start Time May-12-2016 11:05:28
May-12-16 11:05:28 AM: Copyright © Ontario Ministry of Natural Resources, Queen's University, Université de Montréal, 2002-2016
May-12-16 11:05:29 AM: big test - Trial 0001-> started...
May-12-16 11:05:33 AM: Rabies Model Run Completed Normally
May-12-16 11:08:46 AM: Application started...
May-12-16 11:08:46 AM: Rabies Model v.1.0.0.0 - Start Time May-12-2016 11:08:46
May-12-16 11:08:46 AM: Copyright © Ontario Ministry of Natural Resources, Queen's University, Université de Montréal, 2002-2016
May-12-16 11:08:47 AM: big test - Trial 0001-> started...
May-12-16 11:08:51 AM: Rabies Model Run Completed Normally
May-12-16 11:09:41 AM: Application started...
May-12-16 11:09:41 AM: Rabies Model v.1.0.0.0 - Start Time May-12-2016 11:09:41
May-12-16 11:09:41 AM: Copyright © Ontario Ministry of Natural Resources, Queen's University, Université de Montréal, 2002-2016
May-12-16 11:09:42 AM: big test - Trial 0001-> started...
May-12-16 11:09:46 AM: Rabies Model Run Completed Normally
May-12-16 11:10:41 AM: Application started...
May-12-16 11:10:41 AM: Rabies Model v.1.0.0.0 - Start Time May-12-2016 11:10:41
May-12-16 11:10:41 AM: Copyright © Ontario Ministry of Natural Resources, Queen's University, Université de Montréal, 2002-2016
May-12-16 11:10:42 AM: big test - Trial 0001-> started...
May-12-16 11:10:46 AM: Rabies Model Run Completed Normally
May-12-16 11:12:48 AM: Application started...
May-12-16 11:12:48 AM: Rabies Model v.1.0.0.0 - Start Time May-12-2016 11:12:48
May-12-16 11:12:48 AM: Copyright © Ontario Ministry of Natural Resources, Queen's University, Université de Montréal, 2002-2016
May-12-16 11:12:49 AM: big test - Trial 0001-> started...
May-12-16 11:12:53 AM: Rabies Model Run Completed Normally
May-12-16 11:15:36 AM: Application started...
May-12-16 11:15:36 AM: Rabies Model v.1.0.0.0 - Start Time May-12-2016 11:15:36
May-12-16 11:15:36 AM: Copyright © Ontario Ministry of Natural Resources, Queen's University, Université de Montréal, 2002-2016
May-12-16 11:15:36 AM: big test - Trial 0001-> started...
May-12-16 11:15:41 AM: Rabies Model Run Completed Normally
May-12-16 11:16:15 AM: Application started...
May-12-16 11:16:15 AM: Rabies Model v.1.0.0.0 - Start Time May-12-2016 11:16:15
May-12-16 11:16:15 AM: Copyright © Ontario Ministry of Natural Resources, Queen's University, Université de Montréal, 2002-2016
May-12-16 11:16:16 AM: big test - Trial 0001-> started...
May-12-16 11:16:20 AM: Rabies Model Run Completed Normally
May-12-16 11:32:22 AM: Application started...
May-12-16 11:32:22 AM: Rabies Model v.1.0.0.0 - Start Time May-12-2016 11:32:22
May-12-16 11:32:22 AM: Copyright © Ontario Ministry of Natural Resources, Queen's University, Université de Montréal, 2002-2016
May-12-16 11:32:22 AM: big test - Trial 0001-> started...
May-12-16 11:32:27 AM: Rabies Model Run Completed Normally
May-12-16 11:41:16 AM: Application started...
May-12-16 11:41:16 AM: Rabies Model v.1.0.0.0 - Start Time May-12-2016 11:41:16
May-12-16 11:41:16 AM: Copyright © Ontario Ministry of Natural Resources, Queen's University, Université de Montréal, 2002-2016
May-12-16 11:41:17 AM: big test - Trial 0001-> started...
May-12-16 11:41:21 AM: Rabies Model Run Completed Normally
May-12-16 11:50:06 AM: Application started...
May-12-16 11:50:06 AM: Rabies Model v.1.0.0.0 - Start Time May-12-2016 11:50:06
May-12-16 11:50:06 AM: Copyright © Ontario Ministry of Natural Resources, Queen's University, Université de Montréal, 2002-2016
May-12-16 11:50:06 AM: big test - Trial 0001-> started...
May-12-16 11:50:11 AM: Rabies Model Run Completed Normally
May-12-16 12:07:30 PM: Application started...
May-12-16 12:07:30 PM: Rabies Model v.1.0.0.0 - Start Time May-12-2016 12:07:30
May-12-16 12:07:30 PM: Copyright © Ontario Ministry of Natural Resources, Queen's University, Université de Montréal, 2002-2016
May-12-16 12:07:31 PM: big test - Trial 0001-> started...
May-12-16 12:07:36 PM: Rabies Model Run Completed Normally
May-12-16 12:08:18 PM: Application started...
May-12-16 12:08:18 PM: Rabies Model v.1.0.0.0 - Start Time May-12-2016 12:08:18
May-12-16 12:08:18 PM: Copyright © Ontario Ministry of Natural Resources, Queen's University, Université de Montréal, 2002-2016
May-12-16 12:08:19 PM: big test - Trial 0001-> started...
May-12-16 12:08:23 PM: Rabies Model Run Completed Normally
May-12-16 12:14:55 PM: Application started...
May-12-16 12:14:55 PM: Rabies Model v.1.0.0.0 - Start Time May-12-2016 12:14:55
May-12-16 12:14:55 PM: Copyright © Ontario Ministry of Natural Resources, Queen's University, Université de Montréal, 2002-2016
May-12-16 12:14:56 PM: big test - Trial 0001-> started...
May-12-16 12:15:03 PM: Rabies Model Run Completed Normally
May-12-16 12:16:16 PM: Application started...
May-12-16 12:16:16 PM: Rabies Model v.1.0.0.0 - Start Time May-12-2016 12:16:16
May-12-16 12:16:16 PM: Copyright © Ontario Ministry of Natural Resources, Queen's University, Université de Montréal, 2002-2016
May-12-16 12:16:16 PM: big test - Trial 0001-> started...
May-12-16 12:16:21 PM: Rabies Model Run Completed Normally
May-12-16 12:16:55 PM: Application started...
May-12-16 12:16:55 PM: Rabies Model v.1.0.0.0 - Start Time May-12-2016 12:16:55
May-12-16 12:16:55 PM: Copyright © Ontario Ministry of Natural Resources, Queen's University, Université de Montréal, 2002-2016
May-12-16 12:16:56 PM: big test - Trial 0001-> started...
May-12-16 12:17:00 PM: Rabies Model Run Completed Normally
May-12-16 1:09:44 PM: Application started...
May-12-16 1:09:44 PM: Rabies Model v.1.0.0.0 - Start Time May-12-2016 13:09:44
May-12-16 1:09:44 PM: Copyright © Ontario Ministry of Natural Resources, Queen's University, Université de Montréal, 2002-2016
May-12-16 1:09:45 PM: big test - Trial 0001-> started...
May-12-16 1:09:49 PM: Rabies Model Run Completed Normally
May-12-16 1:12:00 PM: Application started...
May-12-16 1:12:00 PM: Rabies Model v.1.0.0.0 - Start Time May-12-2016 13:12:00
May-12-16 1:12:00 PM: Copyright © Ontario Ministry of Natural Resources, Queen's University, Université de Montréal, 2002-2016
May-12-16 1:12:01 PM: big test - Trial 0001-> started...
May-12-16 1:12:05 PM: Rabies Model Run Completed Normally
May-12-16 1:12:31 PM: Application started...
May-12-16 1:12:31 PM: Rabies Model v.1.0.0.0 - Start Time May-12-2016 13:12:31
May-12-16 1:12:31 PM: Copyright © Ontario Ministry of Natural Resources, Queen's University, Université de Montréal, 2002-2016
May-12-16 1:12:32 PM: big test - Trial 0001-> started...
May-12-16 1:12:36 PM: Rabies Model Run Completed Normally
May-12-16 1:21:46 PM: Application started...
May-12-16 1:21:46 PM: Rabies Model v.1.0.0.0 - Start Time May-12-2016 13:21:46
May-12-16 1:21:46 PM: Copyright © Ontario Ministry of Natural Resources, Queen's University, Université de Montréal, 2002-2016
May-12-16 1:21:47 PM: big test - Trial 0001-> started...
May-12-16 1:21:51 PM: Rabies Model Run Completed Normally
May-12-16 1:22:48 PM: Application started...
May-12-16 1:22:48 PM: Rabies Model v.1.0.0.0 - Start Time May-12-2016 13:22:48
May-12-16 1:22:48 PM: Copyright © Ontario Ministry of Natural Resources, Queen's University, Université de Montréal, 2002-2016
May-12-16 1:22:49 PM: big test - Trial 0001-> started...
May-12-16 1:22:54 PM: Rabies Model Run Completed Normally
May-12-16 1:23:37 PM: Application started...
May-12-16 1:23:37 PM: Rabies Model v.1.0.0.0 - Start Time May-12-2016 13:23:37
May-12-16 1:23:37 PM: Copyright © Ontario Ministry of Natural Resources, Queen's University, Université de Montréal, 2002-2016
May-12-16 1:23:38 PM: big test - Trial 0001-> started...
May-12-16 1:23:42 PM: Rabies Model Run Completed Normally
May-12-16 1:24:20 PM: Application started...
May-12-16 1:24:20 PM: Rabies Model v.1.0.0.0 - Start Time May-12-2016 13:24:20
May-12-16 1:24:20 PM: Copyright © Ontario Ministry of Natural Resources, Queen's University, Université de Montréal, 2002-2016
May-12-16 1:24:21 PM: big test - Trial 0001-> started...
May-12-16 1:24:26 PM: Rabies Model Run Completed Normally
May-12-16 1:29:21 PM: Application started...
May-12-16 1:29:21 PM: Rabies Model v.1.0.0.0 - Start Time May-12-2016 13:29:21
May-12-16 1:29:21 PM: Copyright © Ontario Ministry of Natural Resources, Queen's University, Université de Montréal, 2002-2016
May-12-16 1:29:22 PM: big test - Trial 0001-> started...
May-12-16 1:29:27 PM: Rabies Model Run Completed Normally
May-12-16 1:30:02 PM: Application started...
May-12-16 1:30:02 PM: Rabies Model v.1.0.0.0 - Start Time May-12-2016 13:30:02
May-12-16 1:30:02 PM: Copyright © Ontario Ministry of Natural Resources, Queen's University, Université de Montréal, 2002-2016
May-12-16 1:30:03 PM: big test - Trial 0001-> started...
May-12-16 1:30:07 PM: Rabies Model Run Completed Normally
May-12-16 1:30:28 PM: Application started...
May-12-16 1:30:28 PM: Rabies Model v.1.0.0.0 - Start Time May-12-2016 13:30:28
May-12-16 1:30:28 PM: Copyright © Ontario Ministry of Natural Resources, Queen's University, Université de Montréal, 2002-2016
May-12-16 1:30:29 PM: big test - Trial 0001-> started...
May-12-16 1:30:33 PM: Rabies Model Run Completed Normally
May-12-16 1:31:32 PM: Application started...
May-12-16 1:31:32 PM: Rabies Model v.1.0.0.0 - Start Time May-12-2016 13:31:32
May-12-16 1:31:32 PM: Copyright © Ontario Ministry of Natural Resources, Queen's University, Université de Montréal, 2002-2016
May-12-16 1:31:32 PM: big test - Trial 0001-> started...
May-12-16 1:31:37 PM: Rabies Model Run Completed Normally
May-12-16 1:34:34 PM: Application started...
May-12-16 1:34:34 PM: Rabies Model v.1.0.0.0 - Start Time May-12-2016 13:34:34
May-12-16 1:34:34 PM: Copyright © Ontario Ministry of Natural Resources, Queen's University, Université de Montréal, 2002-2016
May-12-16 1:34:35 PM: big test - Trial 0001-> started...
May-12-16 1:34:39 PM: Rabies Model Run Completed Normally
May-12-16 1:36:12 PM: Application started...
May-12-16 1:36:12 PM: Rabies Model v.1.0.0.0 - Start Time May-12-2016 13:36:12
May-12-16 1:36:12 PM: Copyright © Ontario Ministry of Natural Resources, Queen's University, Université de Montréal, 2002-2016
May-12-16 1:36:12 PM: big test - Trial 0001-> started...
May-12-16 1:36:17 PM: Rabies Model Run Completed Normally
May-12-16 1:39:13 PM: Application started...
May-12-16 1:39:13 PM: Rabies Model v.1.0.0.0 - Start Time May-12-2016 13:39:13
May-12-16 1:39:13 PM: Copyright © Ontario Ministry of Natural Resources, Queen's University, Université de Montréal, 2002-2016
May-12-16 1:39:13 PM: big test - Trial 0001-> started...
May-12-16 1:39:18 PM: Rabies Model Run Completed Normally
May-12-16 1:44:30 PM: Application started...
May-12-16 1:44:30 PM: Rabies Model v.1.0.0.0 - Start Time May-12-2016 13:44:30
May-12-16 1:44:30 PM: Copyright © Ontario Ministry of Natural Resources, Queen's University, Université de Montréal, 2002-2016
May-12-16 1:44:30 PM: big test - Trial 0001-> started...
May-12-16 1:44:35 PM: Rabies Model Run Completed Normally
May-12-16 1:50:55 PM: Application started...
May-12-16 1:50:55 PM: Rabies Model v.1.0.0.0 - Start Time May-12-2016 13:50:55
May-12-16 1:50:55 PM: Copyright © Ontario Ministry of Natural Resources, Queen's University, Université de Montréal, 2002-2016
May-12-16 1:50:55 PM: big test - Trial 0001-> started...
May-12-16 1:51:00 PM: Rabies Model Run Completed Normally
May-16-16 10:55:59 AM: Application started...
May-16-16 10:55:59 AM: Rabies Model v.1.0.0.0 - Start Time May-16-2016 10:55:59
May-16-16 10:55:59 AM: Copyright © Ontario Ministry of Natural Resources, Queen's University, Université de Montréal, 2002-2016
May-16-16 10:56:00 AM: big test - Trial 0001-> started...
May-16-16 10:56:04 AM: Rabies Model Run Completed Normally
May-16-16 10:57:03 AM: Application started...
May-16-16 10:57:03 AM: Rabies Model v.1.0.0.0 - Start Time May-16-2016 10:57:03
May-16-16 10:57:03 AM: Copyright © Ontario Ministry of Natural Resources, Queen's University, Université de Montréal, 2002-2016
May-16-16 10:57:04 AM: big test - Trial 0001-> started...
May-16-16 10:57:08 AM: Rabies Model Run Completed Normally
May-16-16 10:59:38 AM: Application started...
May-16-16 10:59:38 AM: Rabies Model v.1.0.0.0 - Start Time May-16-2016 10:59:38
May-16-16 10:59:38 AM: Copyright © Ontario Ministry of Natural Resources, Queen's University, Université de Montréal, 2002-2016
May-16-16 10:59:39 AM: big test - Trial 0001-> started...
May-16-16 10:59:43 AM: Rabies Model Run Completed Normally
May-16-16 11:07:27 AM: Application started...
May-16-16 11:07:27 AM: Rabies Model v.1.0.0.0 - Start Time May-16-2016 11:07:27
May-16-16 11:07:27 AM: Copyright © Ontario Ministry of Natural Resources, Queen's University, Université de Montréal, 2002-2016
May-16-16 11:07:27 AM: big test - Trial 0001-> started...
May-16-16 11:07:31 AM: Rabies Model Run Completed Normally
May-16-16 11:11:16 AM: Application started...
May-16-16 11:11:16 AM: Rabies Model v.1.0.0.0 - Start Time May-16-2016 11:11:16
May-16-16 11:11:16 AM: Copyright © Ontario Ministry of Natural Resources, Queen's University, Université de Montréal, 2002-2016
May-16-16 11:11:17 AM: big test - Trial 0001-> started...
May-16-16 11:11:21 AM: Rabies Model Run Completed Normally
May-16-16 11:13:58 AM: Application started...
May-16-16 11:13:58 AM: Rabies Model v.1.0.0.0 - Start Time May-16-2016 11:13:58
May-16-16 11:13:58 AM: Copyright © Ontario Ministry of Natural Resources, Queen's University, Université de Montréal, 2002-2016
May-16-16 11:13:58 AM: big test - Trial 0001-> started...
May-16-16 11:14:03 AM: Rabies Model Run Completed Normally
May-16-16 11:15:05 AM: Application started...
May-16-16 11:15:05 AM: Rabies Model v.1.0.0.0 - Start Time May-16-2016 11:15:05
May-16-16 11:15:05 AM: Copyright © Ontario Ministry of Natural Resources, Queen's University, Université de Montréal, 2002-2016
May-16-16 11:15:06 AM: big test - Trial 0001-> started...
May-16-16 11:15:10 AM: Rabies Model Run Completed Normally
May-16-16 11:16:29 AM: Application started...
May-16-16 11:16:29 AM: Rabies Model v.1.0.0.0 - Start Time May-16-2016 11:16:29
May-16-16 11:16:29 AM: Copyright © Ontario Ministry of Natural Resources, Queen's University, Université de Montréal, 2002-2016
May-16-16 11:16:29 AM: big test - Trial 0001-> started...
May-16-16 11:16:33 AM: Rabies Model Run Completed Normally
May-16-16 11:17:11 AM: Application started...
May-16-16 11:17:11 AM: Rabies Model v.1.0.0.0 - Start Time May-16-2016 11:17:11
May-16-16 11:17:11 AM: Copyright © Ontario Ministry of Natural Resources, Queen's University, Université de Montréal, 2002-2016
May-16-16 11:17:12 AM: big test - Trial 0001-> started...
May-16-16 11:17:16 AM: Rabies Model Run Completed Normally
May-16-16 11:18:57 AM: Application started...
May-16-16 11:18:57 AM: Rabies Model v.1.0.0.0 - Start Time May-16-2016 11:18:57
May-16-16 11:18:57 AM: Copyright © Ontario Ministry of Natural Resources, Queen's University, Université de Montréal, 2002-2016
May-16-16 11:18:57 AM: big test - Trial 0001-> started...
May-16-16 11:19:02 AM: Rabies Model Run Completed Normally
May-16-16 11:31:15 AM: Application started...
May-16-16 11:31:15 AM: Rabies Model v.1.0.0.0 - Start Time May-16-2016 11:31:15
May-16-16 11:31:15 AM: Copyright © Ontario Ministry of Natural Resources, Queen's University, Université de Montréal, 2002-2016
May-16-16 11:31:16 AM: big test - Trial 0001-> started...
May-16-16 11:31:21 AM: Rabies Model Run Completed Normally
May-16-16 11:31:54 AM: Application started...
May-16-16 11:31:54 AM: Rabies Model v.1.0.0.0 - Start Time May-16-2016 11:31:54
May-16-16 11:31:55 AM: Copyright © Ontario Ministry of Natural Resources, Queen's University, Université de Montréal, 2002-2016
May-16-16 11:31:55 AM: big test - Trial 0001-> started...
May-16-16 11:31:59 AM: Rabies Model Run Completed Normally
May-16-16 11:40:39 AM: Application started...
May-16-16 11:40:39 AM: Rabies Model v.1.0.0.0 - Start Time May-16-2016 11:40:39
May-16-16 11:40:39 AM: Copyright © Ontario Ministry of Natural Resources, Queen's University, Université de Montréal, 2002-2016
May-16-16 11:40:40 AM: big test - Trial 0001-> started...
May-16-16 11:40:44 AM: Rabies Model Run Completed Normally
May-16-16 11:41:35 AM: Application started...
May-16-16 11:41:35 AM: Rabies Model v.1.0.0.0 - Start Time May-16-2016 11:41:35
May-16-16 11:41:35 AM: Copyright © Ontario Ministry of Natural Resources, Queen's University, Université de Montréal, 2002-2016
May-16-16 11:41:36 AM: big test - Trial 0001-> started...
May-16-16 11:41:40 AM: Rabies Model Run Completed Normally
May-16-16 11:49:07 AM: Application started...
May-16-16 11:49:07 AM: Rabies Model v.1.0.0.0 - Start Time May-16-2016 11:49:07
May-16-16 11:49:07 AM: Copyright © Ontario Ministry of Natural Resources, Queen's University, Université de Montréal, 2002-2016
May-16-16 11:49:07 AM: big test - Trial 0001-> started...
May-16-16 11:49:12 AM: Rabies Model Run Completed Normally
May-16-16 11:50:58 AM: Application started...
May-16-16 11:50:58 AM: Rabies Model v.1.0.0.0 - Start Time May-16-2016 11:50:58
May-16-16 11:50:58 AM: Copyright © Ontario Ministry of Natural Resources, Queen's University, Université de Montréal, 2002-2016
May-16-16 11:50:59 AM: big test - Trial 0001-> started...
May-16-16 11:51:03 AM: Rabies Model Run Completed Normally
May-16-16 11:54:31 AM: Application started...
May-16-16 11:54:31 AM: Rabies Model v.1.0.0.0 - Start Time May-16-2016 11:54:31
May-16-16 11:54:31 AM: Copyright © Ontario Ministry of Natural Resources, Queen's University, Université de Montréal, 2002-2016
May-16-16 11:54:32 AM: big test - Trial 0001-> started...
May-16-16 11:54:36 AM: Rabies Model Run Completed Normally
May-16-16 11:54:58 AM: Application started...
May-16-16 11:54:58 AM: Rabies Model v.1.0.0.0 - Start Time May-16-2016 11:54:58
May-16-16 11:54:58 AM: Copyright © Ontario Ministry of Natural Resources, Queen's University, Université de Montréal, 2002-2016
May-16-16 11:54:59 AM: big test - Trial 0001-> started...
May-16-16 11:55:03 AM: Rabies Model Run Completed Normally
May-16-16 11:55:46 AM: Application started...
May-16-16 11:55:46 AM: Rabies Model v.1.0.0.0 - Start Time May-16-2016 11:55:46
May-16-16 11:55:46 AM: Copyright © Ontario Ministry of Natural Resources, Queen's University, Université de Montréal, 2002-2016
May-16-16 11:55:47 AM: big test - Trial 0001-> started...
May-16-16 11:55:51 AM: Rabies Model Run Completed Normally
May-16-16 11:56:14 AM: Application started...
May-16-16 11:56:14 AM: Rabies Model v.1.0.0.0 - Start Time May-16-2016 11:56:14
May-16-16 11:56:14 AM: Copyright © Ontario Ministry of Natural Resources, Queen's University, Université de Montréal, 2002-2016
May-16-16 11:56:14 AM: big test - Trial 0001-> started...
May-16-16 11:56:19 AM: Rabies Model Run Completed Normally
May-16-16 11:56:44 AM: Application started...
May-16-16 11:56:44 AM: Rabies Model v.1.0.0.0 - Start Time May-16-2016 11:56:44
May-16-16 11:56:44 AM: Copyright © Ontario Ministry of Natural Resources, Queen's University, Université de Montréal, 2002-2016
May-16-16 11:56:44 AM: big test - Trial 0001-> started...
May-16-16 11:56:48 AM: Rabies Model Run Completed Normally
May-16-16 11:57:07 AM: Application started...
May-16-16 11:57:07 AM: Rabies Model v.1.0.0.0 - Start Time May-16-2016 11:57:07
May-16-16 11:57:07 AM: Copyright © Ontario Ministry of Natural Resources, Queen's University, Université de Montréal, 2002-2016
May-16-16 11:57:08 AM: big test - Trial 0001-> started...
May-16-16 11:57:12 AM: Rabies Model Run Completed Normally
